SF:real_estate\__init__.py
DA:1,1
DA:2,1
DA:3,1
DA:4,1
LF:4
LH:4
end_of_record
SF:real_estate\managers\__init__.py
DA:1,1
DA:2,1
DA:4,1
LF:3
LH:3
end_of_record
SF:real_estate\managers\client_manager.py
DA:1,1
DA:2,1
DA:4,1
DA:5,1
DA:6,1
DA:8,1
DA:9,1
DA:10,1
DA:12,1
DA:13,1
DA:14,1
DA:15,1
DA:16,1
DA:17,1
DA:18,1
DA:20,1
DA:21,1
DA:22,1
DA:23,1
DA:24,1
DA:25,1
DA:27,1
DA:28,1
DA:29,1
DA:31,0
DA:32,0
DA:34,0
DA:35,1
DA:36,1
DA:37,1
DA:38,1
DA:39,1
DA:41,1
DA:42,1
DA:43,1
DA:44,1
DA:45,1
DA:46,1
DA:52,1
DA:53,1
DA:54,1
DA:55,1
DA:58,1
DA:63,0
DA:64,0
DA:65,0
DA:67,0
DA:68,0
DA:70,0
DA:71,0
DA:73,0
DA:74,0
DA:75,0
DA:76,0
DA:77,0
DA:79,0
DA:80,0
DA:81,0
DA:83,0
DA:84,0
DA:85,0
DA:86,0
DA:88,0
DA:89,0
DA:91,1
DA:92,1
DA:93,0
DA:95,1
DA:97,1
DA:98,1
DA:99,1
DA:100,0
DA:101,1
DA:102,1
DA:103,1
DA:104,1
DA:105,1
DA:106,0
DA:108,1
DA:109,1
DA:112,0
DA:116,0
DA:118,0
DA:119,0
DA:121,0
DA:122,0
DA:124,1
DA:125,1
DA:126,1
DA:130,1
DA:135,1
DA:136,1
DA:137,1
DA:138,1
LF:94
LH:61
FN:5,6,ClientManager.__init__
FNDA:1,ClientManager.__init__
FN:8,10,ClientManager.add_client
FNDA:1,ClientManager.add_client
FN:12,18,ClientManager.find_client_by_id
FNDA:1,ClientManager.find_client_by_id
FN:20,39,ClientManager.remove_client
FNDA:1,ClientManager.remove_client
FN:41,55,ClientManager.match_properties
FNDA:1,ClientManager.match_properties
FN:58,89,ClientManager.match_properties_advanced
FNDA:0,ClientManager.match_properties_advanced
FN:91,130,ClientManager.buy_property
FNDA:1,ClientManager.buy_property
FN:135,138,ClientManager.peek
FNDA:1,ClientManager.peek
FNF:8
FNH:7
end_of_record
SF:real_estate\managers\property_manager.py
DA:1,1
DA:2,1
DA:4,1
DA:5,1
DA:6,1
DA:8,1
DA:9,1
DA:10,1
DA:11,1
DA:13,1
DA:14,1
DA:15,1
DA:16,1
DA:17,1
DA:18,1
DA:20,1
DA:21,1
DA:22,1
DA:23,1
DA:24,1
DA:25,1
DA:26,1
DA:27,1
DA:28,1
DA:29,1
DA:30,1
DA:32,1
DA:33,1
DA:34,1
DA:36,1
DA:38,1
DA:39,1
DA:40,1
DA:41,1
DA:42,1
DA:43,1
DA:44,1
DA:45,1
DA:47,1
DA:48,1
DA:49,1
DA:50,1
DA:52,1
DA:53,1
DA:55,1
DA:56,1
DA:57,1
DA:59,1
DA:65,0
DA:66,0
DA:67,0
DA:68,0
DA:69,0
DA:70,0
DA:71,0
DA:72,0
DA:73,0
DA:74,0
DA:75,0
DA:76,0
DA:77,0
LF:61
LH:48
FN:5,6,PropertyManager.__init__
FNDA:1,PropertyManager.__init__
FN:8,11,PropertyManager.add_property
FNDA:1,PropertyManager.add_property
FN:13,18,PropertyManager.remove_property
FNDA:1,PropertyManager.remove_property
FN:20,30,PropertyManager.update_status
FNDA:1,PropertyManager.update_status
FN:32,53,PropertyManager.search_properties
FNDA:1,PropertyManager.search_properties
FN:38,50,PropertyManager.search_properties.inorder
FNDA:1,PropertyManager.search_properties.inorder
FN:55,57,PropertyManager.find_property_by_id
FNDA:1,PropertyManager.find_property_by_id
FN:59,77,PropertyManager.adjust_prices
FNDA:0,PropertyManager.adjust_prices
FN:65,76,PropertyManager.adjust_prices.inorder
FNDA:0,PropertyManager.adjust_prices.inorder
FNF:9
FNH:7
end_of_record
SF:real_estate\models\__init__.py
DA:1,1
DA:2,1
DA:4,1
LF:3
LH:3
end_of_record
SF:real_estate\models\client.py
DA:1,1
DA:3,1
DA:4,1
DA:5,1
DA:6,1
DA:7,1
DA:8,1
DA:9,1
DA:10,1
DA:11,1
DA:13,1
DA:14,1
DA:15,1
LF:13
LH:13
FN:4,11,Client.__init__
FNDA:1,Client.__init__
FN:13,15,Client.__repr__
FNDA:1,Client.__repr__
FNF:2
FNH:2
end_of_record
SF:real_estate\models\property.py
DA:1,1
DA:2,1
DA:5,1
DA:6,1
DA:7,1
DA:8,1
DA:9,1
DA:12,1
DA:13,1
DA:14,1
DA:17,1
DA:18,1
DA:21,1
DA:22,1
DA:23,1
DA:24,1
DA:25,1
DA:26,1
DA:27,1
DA:28,1
DA:30,1
DA:31,1
DA:33,1
DA:34,0
DA:36,1
DA:37,0
DA:38,0
DA:40,1
DA:41,1
DA:42,1
DA:43,1
DA:44,0
DA:45,1
DA:48,1
DA:49,1
DA:50,1
DA:51,1
DA:53,1
DA:54,1
DA:55,1
DA:56,1
LF:41
LH:37
FN:18,28,Property.__init__
FNDA:1,Property.__init__
FN:30,31,Property.add_view
FNDA:1,Property.add_view
FN:33,34,Property.add_inquiry
FNDA:0,Property.add_inquiry
FN:36,38,Property.reset_interest
FNDA:0,Property.reset_interest
FN:40,46,Property.__repr__
FNDA:1,Property.__repr__
FN:48,51,Property.__eq__
FNDA:1,Property.__eq__
FN:53,56,Property.__lt__
FNDA:1,Property.__lt__
FNF:7
FNH:5
end_of_record
SF:real_estate\structures\__init__.py
DA:1,1
DA:2,1
DA:4,1
LF:3
LH:3
end_of_record
SF:real_estate\structures\avl_tree.py
DA:1,1
DA:2,1
DA:3,1
DA:4,1
DA:5,1
DA:6,1
DA:7,1
DA:9,1
DA:10,1
DA:11,1
DA:13,1
DA:14,1
DA:16,1
DA:17,1
DA:19,1
DA:20,1
DA:22,1
DA:23,1
DA:24,1
DA:25,1
DA:26,1
DA:27,1
DA:28,1
DA:29,1
DA:31,1
DA:32,1
DA:33,1
DA:34,1
DA:35,1
DA:36,1
DA:37,1
DA:38,1
DA:40,1
DA:41,1
DA:42,1
DA:44,1
DA:45,1
DA:46,1
DA:47,1
DA:50,1
DA:52,1
DA:54,1
DA:57,1
DA:58,0
DA:61,1
DA:62,1
DA:65,1
DA:66,0
DA:67,0
DA:70,1
DA:71,1
DA:72,1
DA:74,1
DA:76,1
DA:77,1
DA:79,1
DA:80,1
DA:81,1
DA:82,0
DA:83,1
DA:85,1
DA:86,1
DA:87,0
DA:89,1
DA:90,0
DA:91,1
DA:92,0
DA:95,1
DA:96,1
DA:97,1
DA:98,0
DA:100,1
DA:101,1
DA:102,1
DA:103,1
DA:105,1
DA:106,1
DA:109,1
DA:110,0
DA:111,0
DA:113,0
DA:114,0
DA:116,1
DA:117,0
DA:118,0
DA:120,0
DA:121,0
DA:123,1
DA:125,1
DA:126,1
DA:129,1
DA:130,1
DA:132,1
DA:133,1
DA:134,1
DA:135,1
DA:136,1
DA:137,1
DA:138,1
DA:139,0
DA:140,1
DA:143,1
DA:144,0
DA:145,0
DA:146,0
DA:148,1
DA:149,0
DA:150,0
DA:151,0
DA:152,0
DA:153,0
DA:154,0
DA:155,0
DA:156,0
DA:157,0
DA:159,1
DA:160,1
DA:161,1
DA:162,1
DA:163,0
DA:164,0
DA:166,1
DA:167,1
DA:169,1
DA:171,1
DA:172,1
DA:174,1
DA:175,0
DA:176,0
DA:177,0
DA:178,0
DA:179,0
DA:181,1
DA:182,0
DA:183,0
DA:184,0
DA:185,0
DA:186,0
DA:187,0
DA:188,0
DA:189,0
DA:190,0
LF:142
LH:97
FN:2,7,AVLNode.__init__
FNDA:1,AVLNode.__init__
FN:10,11,AVLTree.__init__
FNDA:1,AVLTree.__init__
FN:13,14,AVLTree.height
FNDA:1,AVLTree.height
FN:16,17,AVLTree.balance_factor
FNDA:1,AVLTree.balance_factor
FN:19,20,AVLTree.update_height
FNDA:1,AVLTree.update_height
FN:22,29,AVLTree.right_rotate
FNDA:1,AVLTree.right_rotate
FN:31,38,AVLTree.left_rotate
FNDA:1,AVLTree.left_rotate
FN:40,74,AVLTree.insert
FNDA:1,AVLTree.insert
FN:76,77,AVLTree.insert_key
FNDA:1,AVLTree.insert_key
FN:79,83,AVLTree._get_min_value_node
FNDA:1,AVLTree._get_min_value_node
FN:85,123,AVLTree.delete
FNDA:1,AVLTree.delete
FN:125,126,AVLTree.delete_key
FNDA:1,AVLTree.delete_key
FN:129,130,AVLTree.find_by_id
FNDA:1,AVLTree.find_by_id
FN:132,140,AVLTree._find_by_id
FNDA:1,AVLTree._find_by_id
FN:143,146,AVLTree.search_by_price_range
FNDA:0,AVLTree.search_by_price_range
FN:148,157,AVLTree._search_inorder
FNDA:0,AVLTree._search_inorder
FN:159,172,AVLTree.display_horizontal
FNDA:1,AVLTree.display_horizontal
FN:174,179,AVLTree.size
FNDA:0,AVLTree.size
FN:175,178,AVLTree.size.count_nodes
FNDA:0,AVLTree.size.count_nodes
FN:181,190,AVLTree.get_keys
FNDA:0,AVLTree.get_keys
FN:183,188,AVLTree.get_keys.inorder
FNDA:0,AVLTree.get_keys.inorder
FNF:21
FNH:15
end_of_record
SF:real_estate\structures\client_queue.py
DA:1,1
DA:2,1
DA:3,1
DA:4,1
DA:6,1
DA:7,1
DA:8,1
DA:9,1
DA:10,1
DA:12,1
DA:14,1
DA:15,1
DA:16,1
DA:17,1
DA:18,1
DA:20,1
DA:21,1
DA:22,1
DA:24,1
DA:25,1
DA:26,1
DA:28,1
DA:29,1
DA:31,1
DA:32,1
DA:34,1
DA:35,1
DA:36,0
DA:37,1
DA:38,1
DA:39,1
DA:40,1
DA:41,1
DA:42,1
DA:44,1
DA:45,0
DA:46,0
DA:47,0
DA:48,0
DA:49,0
DA:50,0
DA:52,1
DA:53,0
DA:54,0
DA:55,0
DA:56,0
DA:59,1
DA:60,0
DA:61,0
DA:62,0
DA:64,1
DA:66,0
DA:67,0
DA:68,0
DA:69,0
DA:70,0
DA:71,0
LF:57
LH:37
FN:2,4,Node.__init__
FNDA:1,Node.__init__
FN:7,10,ClientQueue.__init__
FNDA:1,ClientQueue.__init__
FN:12,26,ClientQueue.enqueue
FNDA:1,ClientQueue.enqueue
FN:28,29,ClientQueue.size
FNDA:1,ClientQueue.size
FN:31,32,ClientQueue.is_empty
FNDA:1,ClientQueue.is_empty
FN:34,42,ClientQueue.dequeue
FNDA:1,ClientQueue.dequeue
FN:44,50,ClientQueue.__contains__
FNDA:0,ClientQueue.__contains__
FN:52,56,ClientQueue.move_front_to_rear
FNDA:0,ClientQueue.move_front_to_rear
FN:59,62,ClientQueue.peek
FNDA:0,ClientQueue.peek
FN:64,71,ClientQueue.to_list
FNDA:0,ClientQueue.to_list
FNF:10
FNH:6
end_of_record
SF:real_estate\utils\__init__.py
end_of_record
SF:real_estate\utils\loader.py
DA:1,1
DA:2,1
DA:3,1
DA:4,1
DA:5,1
DA:6,1
DA:7,1
DA:9,1
DA:10,1
DA:11,1
DA:14,1
DA:15,1
DA:16,1
DA:17,0
DA:18,0
DA:19,1
DA:20,1
DA:21,1
DA:22,1
DA:23,1
DA:24,1
DA:31,1
DA:32,1
DA:33,0
DA:34,0
DA:37,1
DA:38,1
DA:39,1
DA:40,0
DA:41,0
DA:42,1
DA:43,1
DA:44,1
DA:45,1
DA:46,1
DA:47,1
DA:48,1
DA:56,1
DA:57,1
DA:58,0
DA:59,0
DA:61,1
LF:42
LH:34
FN:9,61,load_dataset
FNDA:1,load_dataset
FNF:1
FNH:1
end_of_record
